<?xml version="1.0" encoding="UTF-8"?>
<!-- Generated by org.testng.reporters.JUnitXMLReporter -->
<testsuite hostname="DESKTOP-IUQKNDU" name="Default test" tests="4" failures="0" timestamp="4 Sep 2018 15:14:10 GMT" time="133.408" errors="0">
  <testcase name="validateUserNameLabelTest" time="11.318" classname="com.FreeCRM.testcases.HomePageTest"/>
  <testcase name="VerifyHomePageTitleTest" time="0.016" classname="com.FreeCRM.testcases.HomePageTest"/>
  <testcase name="VerifyContactLinkTest" time="11.334" classname="com.FreeCRM.testcases.HomePageTest"/>
  <testcase name="VerifyDealsLinkTest" time="7.321" classname="com.FreeCRM.testcases.HomePageTest"/>
</testsuite> <!-- Default test -->
