<?xml version="1.0" encoding="UTF-8"?>
<testng-results skipped="0" failed="0" total="4" passed="4">
  <reporter-output>
  </reporter-output>
  <suite name="Default suite" duration-ms="133408" started-at="2018-09-04T15:11:56Z" finished-at="2018-09-04T15:14:10Z">
    <groups>
    </groups>
    <test name="Default test" duration-ms="133408" started-at="2018-09-04T15:11:56Z" finished-at="2018-09-04T15:14:10Z">
      <class name="com.FreeCRM.testcases.HomePageTest">
        <test-method status="PASS" signature="setup()[pri:0, instance:com.FreeCRM.testcases.HomePageTest@4883b407]" name="setup" is-config="true" duration-ms="34575" started-at="2018-09-04T20:41:56Z" finished-at="2018-09-04T20:42:31Z">
          <reporter-output>
          </reporter-output>
        </test-method> <!-- setup -->
        <test-method status="PASS" signature="validateUserNameLabelTest()[pri:0, instance:com.FreeCRM.testcases.HomePageTest@4883b407]" name="validateUserNameLabelTest" duration-ms="11318" started-at="2018-09-04T20:42:31Z" finished-at="2018-09-04T20:42:42Z">
          <reporter-output>
          </reporter-output>
        </test-method> <!-- validateUserNameLabelTest -->
        <test-method status="PASS" signature="tearDown()[pri:0, instance:com.FreeCRM.testcases.HomePageTest@4883b407]" name="tearDown" is-config="true" duration-ms="3371" started-at="2018-09-04T20:42:42Z" finished-at="2018-09-04T20:42:46Z">
          <reporter-output>
          </reporter-output>
        </test-method> <!-- tearDown -->
        <test-method status="PASS" signature="setup()[pri:0, instance:com.FreeCRM.testcases.HomePageTest@4883b407]" name="setup" is-config="true" duration-ms="18380" started-at="2018-09-04T20:42:46Z" finished-at="2018-09-04T20:43:04Z">
          <reporter-output>
          </reporter-output>
        </test-method> <!-- setup -->
        <test-method status="PASS" signature="VerifyHomePageTitleTest()[pri:0, instance:com.FreeCRM.testcases.HomePageTest@4883b407]" name="VerifyHomePageTitleTest" duration-ms="16" started-at="2018-09-04T20:43:04Z" finished-at="2018-09-04T20:43:04Z">
          <reporter-output>
          </reporter-output>
        </test-method> <!-- VerifyHomePageTitleTest -->
        <test-method status="PASS" signature="tearDown()[pri:0, instance:com.FreeCRM.testcases.HomePageTest@4883b407]" name="tearDown" is-config="true" duration-ms="2936" started-at="2018-09-04T20:43:04Z" finished-at="2018-09-04T20:43:07Z">
          <reporter-output>
          </reporter-output>
        </test-method> <!-- tearDown -->
        <test-method status="PASS" signature="setup()[pri:0, instance:com.FreeCRM.testcases.HomePageTest@4883b407]" name="setup" is-config="true" duration-ms="19352" started-at="2018-09-04T20:43:07Z" finished-at="2018-09-04T20:43:26Z">
          <reporter-output>
          </reporter-output>
        </test-method> <!-- setup -->
        <test-method status="PASS" signature="VerifyContactLinkTest()[pri:0, instance:com.FreeCRM.testcases.HomePageTest@4883b407]" name="VerifyContactLinkTest" duration-ms="11334" started-at="2018-09-04T20:43:26Z" finished-at="2018-09-04T20:43:38Z">
          <reporter-output>
          </reporter-output>
        </test-method> <!-- VerifyContactLinkTest -->
        <test-method status="PASS" signature="tearDown()[pri:0, instance:com.FreeCRM.testcases.HomePageTest@4883b407]" name="tearDown" is-config="true" duration-ms="3062" started-at="2018-09-04T20:43:38Z" finished-at="2018-09-04T20:43:41Z">
          <reporter-output>
          </reporter-output>
        </test-method> <!-- tearDown -->
        <test-method status="PASS" signature="setup()[pri:0, instance:com.FreeCRM.testcases.HomePageTest@4883b407]" name="setup" is-config="true" duration-ms="19343" started-at="2018-09-04T20:43:41Z" finished-at="2018-09-04T20:44:00Z">
          <reporter-output>
          </reporter-output>
        </test-method> <!-- setup -->
        <test-method status="PASS" signature="VerifyDealsLinkTest()[pri:0, instance:com.FreeCRM.testcases.HomePageTest@4883b407]" name="VerifyDealsLinkTest" duration-ms="7321" started-at="2018-09-04T20:44:00Z" finished-at="2018-09-04T20:44:07Z">
          <reporter-output>
          </reporter-output>
        </test-method> <!-- VerifyDealsLinkTest -->
        <test-method status="PASS" signature="tearDown()[pri:0, instance:com.FreeCRM.testcases.HomePageTest@4883b407]" name="tearDown" is-config="true" duration-ms="2380" started-at="2018-09-04T20:44:07Z" finished-at="2018-09-04T20:44:10Z">
          <reporter-output>
          </reporter-output>
        </test-method> <!-- tearDown -->
      </class> <!-- com.FreeCRM.testcases.HomePageTest -->
    </test> <!-- Default test -->
  </suite> <!-- Default suite -->
</testng-results>
